2022-10-22 18:28:44,682:INFO:PyCaret Supervised Module
2022-10-22 18:28:44,683:INFO:ML Usecase: anomaly
2022-10-22 18:28:44,683:INFO:version 2.2.2
2022-10-22 18:28:44,683:INFO:Initializing setup()
2022-10-22 18:28:44,683:INFO:setup(target=None, ml_usecase=anomaly, available_plots={'tsne': 'Anomaly TSnE (3d)', 'umap': 'UMAP Dimensionality'}, train_size=0.7, test_data=None, preprocess=True, imputation_type=simple, iterative_imputation_iters=5, categorical_features=None, categorical_imputation=mode, categorical_iterative_imputer=lightgbm, ordinal_features=None, high_cardinality_features=None, high_cardinality_method=frequency, numeric_features=None, numeric_imputation=mean, numeric_iterative_imputer=lightgbm, date_features=None, ignore_features=None, normalize=False, normalize_method=zscore, transformation=False, transformation_method=yeo-johnson, handle_unknown_categorical=True, unknown_categorical_method=least_frequent, pca=False, pca_method=linear, pca_components=None, ignore_low_variance=False, combine_rare_levels=False, rare_level_threshold=0.1, bin_numeric_features=None, remove_outliers=False, outliers_threshold=0.05, remove_multicollinearity=False, multicollinearity_threshold=0.9, remove_perfect_collinearity=False, create_clusters=False, cluster_iter=20, polynomial_features=False, polynomial_degree=2, trigonometry_features=False, polynomial_threshold=0.1, group_features=None, group_names=None, feature_selection=False, feature_selection_threshold=0.8, feature_selection_method=classic, feature_interaction=False, feature_ratio=False, interaction_threshold=0.01, fix_imbalance=False, fix_imbalance_method=None, transform_target=False, transform_target_method=box-cox, data_split_shuffle=False, data_split_stratify=False, fold_strategy=kfold, fold=10, fold_shuffle=False, fold_groups=None, n_jobs=-1, use_gpu=False, custom_pipeline=None, html=True, session_id=None, log_experiment=False, experiment_name=None, log_plots=False, log_profile=False, log_data=False, silent=True, verbose=True, profile=False, profile_kwargs=None, display=None)
2022-10-22 18:28:44,683:INFO:Checking environment
2022-10-22 18:28:44,683:INFO:python_version: 3.9.12
2022-10-22 18:28:44,683:INFO:python_build: ('main', 'Apr  4 2022 05:22:27')
2022-10-22 18:28:44,683:INFO:machine: AMD64
2022-10-22 18:28:44,683:INFO:platform: Windows-10-10.0.19044-SP0
2022-10-22 18:28:44,683:INFO:Memory: svmem(total=16487870464, available=8274038784, percent=49.8, used=8213831680, free=8274038784)
2022-10-22 18:28:44,683:INFO:Physical Core: 8
2022-10-22 18:28:44,683:INFO:Logical Core: 16
2022-10-22 18:28:44,683:INFO:Checking libraries
2022-10-22 18:28:44,684:INFO:pd==1.4.2
2022-10-22 18:28:44,684:INFO:numpy==1.21.5
2022-10-22 18:28:44,684:INFO:sklearn==1.1.2
2022-10-22 18:28:44,708:INFO:xgboost==1.6.2
2022-10-22 18:28:44,708:INFO:lightgbm==3.3.3
2022-10-22 18:28:44,735:INFO:catboost==1.1
2022-10-22 18:28:45,438:INFO:mlflow==1.30.0
2022-10-22 18:28:45,438:INFO:Checking Exceptions
2022-10-22 18:28:45,438:INFO:Declaring global variables
2022-10-22 18:28:45,438:INFO:USI: 23bb
2022-10-22 18:28:45,438:INFO:pycaret_globals: {'data_before_preprocess', 'target_param', '_internal_pipeline', 'html_param', 'seed', '_ml_usecase', 'pycaret_globals', 'imputation_classifier', 'experiment__', 'gpu_param', 'fold_param', 'transform_target_method_param', 'imputation_regressor', 'fold_groups_param', 'prep_pipe', 'fix_imbalance_param', 'master_model_container', 'iterative_imputation_iters_param', 'create_model_container', 'fold_shuffle_param', 'display_container', 'stratify_param', '_all_models', 'log_plots_param', '_all_metrics', 'fold_generator', '_available_plots', 'fix_imbalance_method_param', 'X', 'exp_name_log', 'USI', '_gpu_n_jobs_param', 'logging_param', 'transform_target_param', '_all_models_internal', 'n_jobs_param'}
2022-10-22 18:28:45,438:INFO:Preparing display monitor
2022-10-22 18:28:45,439:INFO:Preparing display monitor
2022-10-22 18:28:45,447:INFO:Importing libraries
2022-10-22 18:28:45,447:INFO:Copying data for preprocessing
2022-10-22 18:28:45,452:INFO:Declaring preprocessing parameters
2022-10-22 18:28:45,455:INFO:Creating preprocessing pipeline
2022-10-22 18:28:45,481:INFO:Preprocessing pipeline created successfully
2022-10-22 18:28:45,482:ERROR:(Process Exit): setup has been interupted with user command 'quit'. setup must rerun.
2022-10-22 18:28:45,482:INFO:Creating global containers
2022-10-22 18:29:25,629:INFO:PyCaret Supervised Module
2022-10-22 18:29:25,630:INFO:ML Usecase: anomaly
2022-10-22 18:29:25,630:INFO:version 2.2.2
2022-10-22 18:29:25,630:INFO:Initializing setup()
2022-10-22 18:29:25,630:INFO:setup(target=None, ml_usecase=anomaly, available_plots={'tsne': 'Anomaly TSnE (3d)', 'umap': 'UMAP Dimensionality'}, train_size=0.7, test_data=None, preprocess=True, imputation_type=simple, iterative_imputation_iters=5, categorical_features=None, categorical_imputation=mode, categorical_iterative_imputer=lightgbm, ordinal_features=None, high_cardinality_features=None, high_cardinality_method=frequency, numeric_features=None, numeric_imputation=mean, numeric_iterative_imputer=lightgbm, date_features=None, ignore_features=None, normalize=False, normalize_method=zscore, transformation=False, transformation_method=yeo-johnson, handle_unknown_categorical=True, unknown_categorical_method=least_frequent, pca=False, pca_method=linear, pca_components=None, ignore_low_variance=False, combine_rare_levels=False, rare_level_threshold=0.1, bin_numeric_features=None, remove_outliers=False, outliers_threshold=0.05, remove_multicollinearity=False, multicollinearity_threshold=0.9, remove_perfect_collinearity=False, create_clusters=False, cluster_iter=20, polynomial_features=False, polynomial_degree=2, trigonometry_features=False, polynomial_threshold=0.1, group_features=None, group_names=None, feature_selection=False, feature_selection_threshold=0.8, feature_selection_method=classic, feature_interaction=False, feature_ratio=False, interaction_threshold=0.01, fix_imbalance=False, fix_imbalance_method=None, transform_target=False, transform_target_method=box-cox, data_split_shuffle=False, data_split_stratify=False, fold_strategy=kfold, fold=10, fold_shuffle=False, fold_groups=None, n_jobs=-1, use_gpu=False, custom_pipeline=None, html=True, session_id=None, log_experiment=False, experiment_name=None, log_plots=False, log_profile=False, log_data=False, silent=False, verbose=True, profile=False, profile_kwargs=None, display=None)
2022-10-22 18:29:25,630:INFO:Checking environment
2022-10-22 18:29:25,630:INFO:python_version: 3.9.12
2022-10-22 18:29:25,630:INFO:python_build: ('main', 'Apr  4 2022 05:22:27')
2022-10-22 18:29:25,630:INFO:machine: AMD64
2022-10-22 18:29:25,630:INFO:platform: Windows-10-10.0.19044-SP0
2022-10-22 18:29:25,630:INFO:Memory: svmem(total=16487870464, available=8174034944, percent=50.4, used=8313835520, free=8174034944)
2022-10-22 18:29:25,630:INFO:Physical Core: 8
2022-10-22 18:29:25,630:INFO:Logical Core: 16
2022-10-22 18:29:25,630:INFO:Checking libraries
2022-10-22 18:29:25,630:INFO:pd==1.4.2
2022-10-22 18:29:25,630:INFO:numpy==1.21.5
2022-10-22 18:29:25,630:INFO:sklearn==1.1.2
2022-10-22 18:29:25,630:INFO:xgboost==1.6.2
2022-10-22 18:29:25,630:INFO:lightgbm==3.3.3
2022-10-22 18:29:25,630:INFO:catboost==1.1
2022-10-22 18:29:25,630:INFO:mlflow==1.30.0
2022-10-22 18:29:25,631:INFO:Checking Exceptions
2022-10-22 18:29:25,631:INFO:Declaring global variables
2022-10-22 18:29:25,631:INFO:USI: 9b89
2022-10-22 18:29:25,631:INFO:pycaret_globals: {'data_before_preprocess', 'target_param', '_internal_pipeline', 'html_param', 'seed', '_ml_usecase', 'pycaret_globals', 'imputation_classifier', 'experiment__', 'gpu_param', 'fold_param', 'transform_target_method_param', 'imputation_regressor', 'fold_groups_param', 'prep_pipe', 'fix_imbalance_param', 'master_model_container', 'iterative_imputation_iters_param', 'create_model_container', 'fold_shuffle_param', 'display_container', 'stratify_param', '_all_models', 'log_plots_param', '_all_metrics', 'fold_generator', '_available_plots', 'fix_imbalance_method_param', 'X', 'exp_name_log', 'USI', '_gpu_n_jobs_param', 'logging_param', 'transform_target_param', '_all_models_internal', 'n_jobs_param'}
2022-10-22 18:29:25,631:INFO:Preparing display monitor
2022-10-22 18:29:25,631:INFO:Preparing display monitor
2022-10-22 18:29:25,638:INFO:Importing libraries
2022-10-22 18:29:25,638:INFO:Copying data for preprocessing
2022-10-22 18:29:25,643:INFO:Declaring preprocessing parameters
2022-10-22 18:29:25,645:INFO:Creating preprocessing pipeline
2022-10-22 18:29:25,671:INFO:Preprocessing pipeline created successfully
2022-10-22 18:29:25,671:ERROR:(Process Exit): setup has been interupted with user command 'quit'. setup must rerun.
2022-10-22 18:29:25,671:INFO:Creating global containers
2022-10-22 18:29:59,843:INFO:PyCaret Supervised Module
2022-10-22 18:29:59,843:INFO:ML Usecase: anomaly
2022-10-22 18:29:59,843:INFO:version 2.2.2
2022-10-22 18:29:59,843:INFO:Initializing setup()
2022-10-22 18:29:59,843:INFO:setup(target=None, ml_usecase=anomaly, available_plots={'tsne': 'Anomaly TSnE (3d)', 'umap': 'UMAP Dimensionality'}, train_size=0.7, test_data=None, preprocess=True, imputation_type=simple, iterative_imputation_iters=5, categorical_features=None, categorical_imputation=mode, categorical_iterative_imputer=lightgbm, ordinal_features=None, high_cardinality_features=None, high_cardinality_method=frequency, numeric_features=None, numeric_imputation=mean, numeric_iterative_imputer=lightgbm, date_features=None, ignore_features=None, normalize=False, normalize_method=zscore, transformation=False, transformation_method=yeo-johnson, handle_unknown_categorical=True, unknown_categorical_method=least_frequent, pca=False, pca_method=linear, pca_components=None, ignore_low_variance=False, combine_rare_levels=False, rare_level_threshold=0.1, bin_numeric_features=None, remove_outliers=False, outliers_threshold=0.05, remove_multicollinearity=False, multicollinearity_threshold=0.9, remove_perfect_collinearity=False, create_clusters=False, cluster_iter=20, polynomial_features=False, polynomial_degree=2, trigonometry_features=False, polynomial_threshold=0.1, group_features=None, group_names=None, feature_selection=False, feature_selection_threshold=0.8, feature_selection_method=classic, feature_interaction=False, feature_ratio=False, interaction_threshold=0.01, fix_imbalance=False, fix_imbalance_method=None, transform_target=False, transform_target_method=box-cox, data_split_shuffle=False, data_split_stratify=False, fold_strategy=kfold, fold=10, fold_shuffle=False, fold_groups=None, n_jobs=-1, use_gpu=False, custom_pipeline=None, html=True, session_id=None, log_experiment=False, experiment_name=None, log_plots=False, log_profile=False, log_data=False, silent=True, verbose=True, profile=False, profile_kwargs=None, display=None)
2022-10-22 18:29:59,843:INFO:Checking environment
2022-10-22 18:29:59,843:INFO:python_version: 3.9.12
2022-10-22 18:29:59,843:INFO:python_build: ('main', 'Apr  4 2022 05:22:27')
2022-10-22 18:29:59,843:INFO:machine: AMD64
2022-10-22 18:29:59,843:INFO:platform: Windows-10-10.0.19044-SP0
2022-10-22 18:29:59,843:INFO:Memory: svmem(total=16487870464, available=8182259712, percent=50.4, used=8305610752, free=8182259712)
2022-10-22 18:29:59,843:INFO:Physical Core: 8
2022-10-22 18:29:59,843:INFO:Logical Core: 16
2022-10-22 18:29:59,843:INFO:Checking libraries
2022-10-22 18:29:59,843:INFO:pd==1.4.2
2022-10-22 18:29:59,844:INFO:numpy==1.21.5
2022-10-22 18:29:59,844:INFO:sklearn==1.1.2
2022-10-22 18:29:59,844:INFO:xgboost==1.6.2
2022-10-22 18:29:59,844:INFO:lightgbm==3.3.3
2022-10-22 18:29:59,844:INFO:catboost==1.1
2022-10-22 18:29:59,844:INFO:mlflow==1.30.0
2022-10-22 18:29:59,844:INFO:Checking Exceptions
2022-10-22 18:29:59,844:INFO:Declaring global variables
2022-10-22 18:29:59,844:INFO:USI: 617a
2022-10-22 18:29:59,844:INFO:pycaret_globals: {'data_before_preprocess', 'target_param', '_internal_pipeline', 'html_param', 'seed', '_ml_usecase', 'pycaret_globals', 'imputation_classifier', 'experiment__', 'gpu_param', 'fold_param', 'transform_target_method_param', 'imputation_regressor', 'fold_groups_param', 'prep_pipe', 'fix_imbalance_param', 'master_model_container', 'iterative_imputation_iters_param', 'create_model_container', 'fold_shuffle_param', 'display_container', 'stratify_param', '_all_models', 'log_plots_param', '_all_metrics', 'fold_generator', '_available_plots', 'fix_imbalance_method_param', 'X', 'exp_name_log', 'USI', '_gpu_n_jobs_param', 'logging_param', 'transform_target_param', '_all_models_internal', 'n_jobs_param'}
2022-10-22 18:29:59,844:INFO:Preparing display monitor
2022-10-22 18:29:59,844:INFO:Preparing display monitor
2022-10-22 18:29:59,852:INFO:Importing libraries
2022-10-22 18:29:59,852:INFO:Copying data for preprocessing
2022-10-22 18:29:59,856:INFO:Declaring preprocessing parameters
2022-10-22 18:29:59,858:INFO:Creating preprocessing pipeline
2022-10-22 18:29:59,883:INFO:Preprocessing pipeline created successfully
2022-10-22 18:29:59,883:ERROR:(Process Exit): setup has been interupted with user command 'quit'. setup must rerun.
2022-10-22 18:29:59,883:INFO:Creating global containers
2022-10-22 18:31:47,691:INFO:PyCaret Supervised Module
2022-10-22 18:31:47,691:INFO:ML Usecase: anomaly
2022-10-22 18:31:47,691:INFO:version 2.2.2
2022-10-22 18:31:47,691:INFO:Initializing setup()
2022-10-22 18:31:47,691:INFO:setup(target=None, ml_usecase=anomaly, available_plots={'tsne': 'Anomaly TSnE (3d)', 'umap': 'UMAP Dimensionality'}, train_size=0.7, test_data=None, preprocess=True, imputation_type=simple, iterative_imputation_iters=5, categorical_features=None, categorical_imputation=mode, categorical_iterative_imputer=lightgbm, ordinal_features=None, high_cardinality_features=None, high_cardinality_method=frequency, numeric_features=None, numeric_imputation=mean, numeric_iterative_imputer=lightgbm, date_features=None, ignore_features=None, normalize=False, normalize_method=zscore, transformation=False, transformation_method=yeo-johnson, handle_unknown_categorical=True, unknown_categorical_method=least_frequent, pca=False, pca_method=linear, pca_components=None, ignore_low_variance=False, combine_rare_levels=False, rare_level_threshold=0.1, bin_numeric_features=None, remove_outliers=False, outliers_threshold=0.05, remove_multicollinearity=False, multicollinearity_threshold=0.9, remove_perfect_collinearity=False, create_clusters=False, cluster_iter=20, polynomial_features=False, polynomial_degree=2, trigonometry_features=False, polynomial_threshold=0.1, group_features=None, group_names=None, feature_selection=False, feature_selection_threshold=0.8, feature_selection_method=classic, feature_interaction=False, feature_ratio=False, interaction_threshold=0.01, fix_imbalance=False, fix_imbalance_method=None, transform_target=False, transform_target_method=box-cox, data_split_shuffle=False, data_split_stratify=False, fold_strategy=kfold, fold=10, fold_shuffle=False, fold_groups=None, n_jobs=-1, use_gpu=False, custom_pipeline=None, html=True, session_id=None, log_experiment=False, experiment_name=None, log_plots=False, log_profile=False, log_data=False, silent=False, verbose=True, profile=False, profile_kwargs=None, display=None)
2022-10-22 18:31:47,692:INFO:Checking environment
2022-10-22 18:31:47,692:INFO:python_version: 3.9.12
2022-10-22 18:31:47,692:INFO:python_build: ('main', 'Apr  4 2022 05:22:27')
2022-10-22 18:31:47,692:INFO:machine: AMD64
2022-10-22 18:31:47,692:INFO:platform: Windows-10-10.0.19044-SP0
2022-10-22 18:31:47,692:INFO:Memory: svmem(total=16487870464, available=7720960000, percent=53.2, used=8766910464, free=7720960000)
2022-10-22 18:31:47,692:INFO:Physical Core: 8
2022-10-22 18:31:47,692:INFO:Logical Core: 16
2022-10-22 18:31:47,692:INFO:Checking libraries
2022-10-22 18:31:47,692:INFO:pd==1.4.2
2022-10-22 18:31:47,692:INFO:numpy==1.21.5
2022-10-22 18:31:47,692:INFO:sklearn==1.1.2
2022-10-22 18:31:47,692:INFO:xgboost==1.6.2
2022-10-22 18:31:47,692:INFO:lightgbm==3.3.3
2022-10-22 18:31:47,692:INFO:catboost==1.1
2022-10-22 18:31:47,692:INFO:mlflow==1.30.0
2022-10-22 18:31:47,692:INFO:Checking Exceptions
2022-10-22 18:31:47,692:INFO:Declaring global variables
2022-10-22 18:31:47,692:INFO:USI: 09c0
2022-10-22 18:31:47,693:INFO:pycaret_globals: {'data_before_preprocess', 'target_param', '_internal_pipeline', 'html_param', 'seed', '_ml_usecase', 'pycaret_globals', 'imputation_classifier', 'experiment__', 'gpu_param', 'fold_param', 'transform_target_method_param', 'imputation_regressor', 'fold_groups_param', 'prep_pipe', 'fix_imbalance_param', 'master_model_container', 'iterative_imputation_iters_param', 'create_model_container', 'fold_shuffle_param', 'display_container', 'stratify_param', '_all_models', 'log_plots_param', '_all_metrics', 'fold_generator', '_available_plots', 'fix_imbalance_method_param', 'X', 'exp_name_log', 'USI', '_gpu_n_jobs_param', 'logging_param', 'transform_target_param', '_all_models_internal', 'n_jobs_param'}
2022-10-22 18:31:47,693:INFO:Preparing display monitor
2022-10-22 18:31:47,693:INFO:Preparing display monitor
2022-10-22 18:31:47,701:INFO:Importing libraries
2022-10-22 18:31:47,701:INFO:Copying data for preprocessing
2022-10-22 18:31:47,705:INFO:Declaring preprocessing parameters
2022-10-22 18:31:47,707:INFO:Creating preprocessing pipeline
2022-10-22 18:31:47,731:INFO:Preprocessing pipeline created successfully
2022-10-22 18:31:47,731:ERROR:(Process Exit): setup has been interupted with user command 'quit'. setup must rerun.
2022-10-22 18:31:47,731:INFO:Creating global containers
2022-10-22 18:34:13,011:INFO:PyCaret Supervised Module
2022-10-22 18:34:13,011:INFO:ML Usecase: anomaly
2022-10-22 18:34:13,011:INFO:version 2.2.2
2022-10-22 18:34:13,011:INFO:Initializing setup()
2022-10-22 18:34:13,011:INFO:setup(target=None, ml_usecase=anomaly, available_plots={'tsne': 'Anomaly TSnE (3d)', 'umap': 'UMAP Dimensionality'}, train_size=0.7, test_data=None, preprocess=True, imputation_type=simple, iterative_imputation_iters=5, categorical_features=None, categorical_imputation=mode, categorical_iterative_imputer=lightgbm, ordinal_features=None, high_cardinality_features=None, high_cardinality_method=frequency, numeric_features=None, numeric_imputation=mean, numeric_iterative_imputer=lightgbm, date_features=None, ignore_features=None, normalize=False, normalize_method=zscore, transformation=False, transformation_method=yeo-johnson, handle_unknown_categorical=True, unknown_categorical_method=least_frequent, pca=False, pca_method=linear, pca_components=None, ignore_low_variance=False, combine_rare_levels=False, rare_level_threshold=0.1, bin_numeric_features=None, remove_outliers=False, outliers_threshold=0.05, remove_multicollinearity=False, multicollinearity_threshold=0.9, remove_perfect_collinearity=False, create_clusters=False, cluster_iter=20, polynomial_features=False, polynomial_degree=2, trigonometry_features=False, polynomial_threshold=0.1, group_features=None, group_names=None, feature_selection=False, feature_selection_threshold=0.8, feature_selection_method=classic, feature_interaction=False, feature_ratio=False, interaction_threshold=0.01, fix_imbalance=False, fix_imbalance_method=None, transform_target=False, transform_target_method=box-cox, data_split_shuffle=False, data_split_stratify=False, fold_strategy=kfold, fold=10, fold_shuffle=False, fold_groups=None, n_jobs=-1, use_gpu=False, custom_pipeline=None, html=True, session_id=None, log_experiment=False, experiment_name=None, log_plots=False, log_profile=False, log_data=False, silent=True, verbose=True, profile=False, profile_kwargs=None, display=None)
2022-10-22 18:34:13,012:INFO:Checking environment
2022-10-22 18:34:13,012:INFO:python_version: 3.9.12
2022-10-22 18:34:13,012:INFO:python_build: ('main', 'Apr  4 2022 05:22:27')
2022-10-22 18:34:13,012:INFO:machine: AMD64
2022-10-22 18:34:13,012:INFO:platform: Windows-10-10.0.19044-SP0
2022-10-22 18:34:13,012:INFO:Memory: svmem(total=16487870464, available=7638728704, percent=53.7, used=8849141760, free=7638728704)
2022-10-22 18:34:13,012:INFO:Physical Core: 8
2022-10-22 18:34:13,012:INFO:Logical Core: 16
2022-10-22 18:34:13,012:INFO:Checking libraries
2022-10-22 18:34:13,012:INFO:pd==1.4.2
2022-10-22 18:34:13,012:INFO:numpy==1.21.5
2022-10-22 18:34:13,012:INFO:sklearn==1.1.2
2022-10-22 18:34:13,012:INFO:xgboost==1.6.2
2022-10-22 18:34:13,012:INFO:lightgbm==3.3.3
2022-10-22 18:34:13,012:INFO:catboost==1.1
2022-10-22 18:34:13,012:INFO:mlflow==1.30.0
2022-10-22 18:34:13,012:INFO:Checking Exceptions
2022-10-22 18:34:13,012:INFO:Declaring global variables
2022-10-22 18:34:13,012:INFO:USI: 1f77
2022-10-22 18:34:13,012:INFO:pycaret_globals: {'data_before_preprocess', 'target_param', '_internal_pipeline', 'html_param', 'seed', '_ml_usecase', 'pycaret_globals', 'imputation_classifier', 'experiment__', 'gpu_param', 'fold_param', 'transform_target_method_param', 'imputation_regressor', 'fold_groups_param', 'prep_pipe', 'fix_imbalance_param', 'master_model_container', 'iterative_imputation_iters_param', 'create_model_container', 'fold_shuffle_param', 'display_container', 'stratify_param', '_all_models', 'log_plots_param', '_all_metrics', 'fold_generator', '_available_plots', 'fix_imbalance_method_param', 'X', 'exp_name_log', 'USI', '_gpu_n_jobs_param', 'logging_param', 'transform_target_param', '_all_models_internal', 'n_jobs_param'}
2022-10-22 18:34:13,012:INFO:Preparing display monitor
2022-10-22 18:34:13,012:INFO:Preparing display monitor
2022-10-22 18:34:13,020:INFO:Importing libraries
2022-10-22 18:34:13,020:INFO:Copying data for preprocessing
2022-10-22 18:34:13,025:INFO:Declaring preprocessing parameters
2022-10-22 18:34:13,027:INFO:Creating preprocessing pipeline
2022-10-22 18:34:13,052:INFO:Preprocessing pipeline created successfully
2022-10-22 18:34:13,052:ERROR:(Process Exit): setup has been interupted with user command 'quit'. setup must rerun.
2022-10-22 18:34:13,052:INFO:Creating global containers
2022-10-22 18:35:58,234:INFO:gpu_param set to False
2022-10-22 18:36:11,626:INFO:PyCaret Supervised Module
2022-10-22 18:36:11,626:INFO:ML Usecase: anomaly
2022-10-22 18:36:11,626:INFO:version 2.2.2
2022-10-22 18:36:11,626:INFO:Initializing setup()
2022-10-22 18:36:11,626:INFO:setup(target=None, ml_usecase=anomaly, available_plots={'tsne': 'Anomaly TSnE (3d)', 'umap': 'UMAP Dimensionality'}, train_size=0.7, test_data=None, preprocess=True, imputation_type=simple, iterative_imputation_iters=5, categorical_features=None, categorical_imputation=mode, categorical_iterative_imputer=lightgbm, ordinal_features=None, high_cardinality_features=None, high_cardinality_method=frequency, numeric_features=None, numeric_imputation=mean, numeric_iterative_imputer=lightgbm, date_features=None, ignore_features=None, normalize=False, normalize_method=zscore, transformation=False, transformation_method=yeo-johnson, handle_unknown_categorical=True, unknown_categorical_method=least_frequent, pca=False, pca_method=linear, pca_components=None, ignore_low_variance=False, combine_rare_levels=False, rare_level_threshold=0.1, bin_numeric_features=None, remove_outliers=False, outliers_threshold=0.05, remove_multicollinearity=False, multicollinearity_threshold=0.9, remove_perfect_collinearity=False, create_clusters=False, cluster_iter=20, polynomial_features=False, polynomial_degree=2, trigonometry_features=False, polynomial_threshold=0.1, group_features=None, group_names=None, feature_selection=False, feature_selection_threshold=0.8, feature_selection_method=classic, feature_interaction=False, feature_ratio=False, interaction_threshold=0.01, fix_imbalance=False, fix_imbalance_method=None, transform_target=False, transform_target_method=box-cox, data_split_shuffle=False, data_split_stratify=False, fold_strategy=kfold, fold=10, fold_shuffle=False, fold_groups=None, n_jobs=-1, use_gpu=False, custom_pipeline=None, html=True, session_id=None, log_experiment=False, experiment_name=None, log_plots=False, log_profile=False, log_data=False, silent=True, verbose=True, profile=False, profile_kwargs=None, display=None)
2022-10-22 18:36:11,626:INFO:Checking environment
2022-10-22 18:36:11,627:INFO:python_version: 3.9.12
2022-10-22 18:36:11,627:INFO:python_build: ('main', 'Apr  4 2022 05:22:27')
2022-10-22 18:36:11,627:INFO:machine: AMD64
2022-10-22 18:36:11,627:INFO:platform: Windows-10-10.0.19044-SP0
2022-10-22 18:36:11,627:INFO:Memory: svmem(total=16487870464, available=7936442368, percent=51.9, used=8551428096, free=7936442368)
2022-10-22 18:36:11,627:INFO:Physical Core: 8
2022-10-22 18:36:11,627:INFO:Logical Core: 16
2022-10-22 18:36:11,627:INFO:Checking libraries
2022-10-22 18:36:11,627:INFO:pd==1.4.2
2022-10-22 18:36:11,627:INFO:numpy==1.21.5
2022-10-22 18:36:11,627:INFO:sklearn==1.1.2
2022-10-22 18:36:11,627:INFO:xgboost==1.6.2
2022-10-22 18:36:11,627:INFO:lightgbm==3.3.3
2022-10-22 18:36:11,627:INFO:catboost==1.1
2022-10-22 18:36:11,627:INFO:mlflow==1.30.0
2022-10-22 18:36:11,627:INFO:Checking Exceptions
2022-10-22 18:36:11,627:INFO:Declaring global variables
2022-10-22 18:36:11,627:INFO:USI: f3a9
2022-10-22 18:36:11,627:INFO:pycaret_globals: {'data_before_preprocess', 'target_param', '_internal_pipeline', 'html_param', 'seed', '_ml_usecase', 'pycaret_globals', 'imputation_classifier', 'experiment__', 'gpu_param', 'fold_param', 'transform_target_method_param', 'imputation_regressor', 'fold_groups_param', 'prep_pipe', 'fix_imbalance_param', 'master_model_container', 'iterative_imputation_iters_param', 'create_model_container', 'fold_shuffle_param', 'display_container', 'stratify_param', '_all_models', 'log_plots_param', '_all_metrics', 'fold_generator', '_available_plots', 'fix_imbalance_method_param', 'X', 'exp_name_log', 'USI', '_gpu_n_jobs_param', 'logging_param', 'transform_target_param', '_all_models_internal', 'n_jobs_param'}
2022-10-22 18:36:11,627:INFO:Preparing display monitor
2022-10-22 18:36:11,627:INFO:Preparing display monitor
2022-10-22 18:36:11,635:INFO:Importing libraries
2022-10-22 18:36:11,635:INFO:Copying data for preprocessing
2022-10-22 18:36:11,640:INFO:Declaring preprocessing parameters
2022-10-22 18:36:11,641:INFO:Creating preprocessing pipeline
2022-10-22 18:36:11,667:INFO:Preprocessing pipeline created successfully
2022-10-22 18:36:11,667:ERROR:(Process Exit): setup has been interupted with user command 'quit'. setup must rerun.
2022-10-22 18:36:11,667:INFO:Creating global containers
2022-10-22 18:37:10,804:INFO:PyCaret Supervised Module
2022-10-22 18:37:10,804:INFO:ML Usecase: anomaly
2022-10-22 18:37:10,804:INFO:version 2.2.2
2022-10-22 18:37:10,804:INFO:Initializing setup()
2022-10-22 18:37:10,804:INFO:setup(target=None, ml_usecase=anomaly, available_plots={'tsne': 'Anomaly TSnE (3d)', 'umap': 'UMAP Dimensionality'}, train_size=0.7, test_data=None, preprocess=True, imputation_type=simple, iterative_imputation_iters=5, categorical_features=None, categorical_imputation=mode, categorical_iterative_imputer=lightgbm, ordinal_features=None, high_cardinality_features=None, high_cardinality_method=frequency, numeric_features=None, numeric_imputation=mean, numeric_iterative_imputer=lightgbm, date_features=None, ignore_features=None, normalize=False, normalize_method=zscore, transformation=False, transformation_method=yeo-johnson, handle_unknown_categorical=True, unknown_categorical_method=least_frequent, pca=False, pca_method=linear, pca_components=None, ignore_low_variance=False, combine_rare_levels=False, rare_level_threshold=0.1, bin_numeric_features=None, remove_outliers=False, outliers_threshold=0.05, remove_multicollinearity=False, multicollinearity_threshold=0.9, remove_perfect_collinearity=False, create_clusters=False, cluster_iter=20, polynomial_features=False, polynomial_degree=2, trigonometry_features=False, polynomial_threshold=0.1, group_features=None, group_names=None, feature_selection=False, feature_selection_threshold=0.8, feature_selection_method=classic, feature_interaction=False, feature_ratio=False, interaction_threshold=0.01, fix_imbalance=False, fix_imbalance_method=None, transform_target=False, transform_target_method=box-cox, data_split_shuffle=False, data_split_stratify=False, fold_strategy=kfold, fold=10, fold_shuffle=False, fold_groups=None, n_jobs=-1, use_gpu=False, custom_pipeline=None, html=True, session_id=None, log_experiment=False, experiment_name=None, log_plots=False, log_profile=False, log_data=False, silent=True, verbose=False, profile=False, profile_kwargs=None, display=None)
2022-10-22 18:37:10,804:INFO:Checking environment
2022-10-22 18:37:10,804:INFO:python_version: 3.9.12
2022-10-22 18:37:10,804:INFO:python_build: ('main', 'Apr  4 2022 05:22:27')
2022-10-22 18:37:10,804:INFO:machine: AMD64
2022-10-22 18:37:10,804:INFO:platform: Windows-10-10.0.19044-SP0
2022-10-22 18:37:10,804:INFO:Memory: svmem(total=16487870464, available=7998373888, percent=51.5, used=8489496576, free=7998373888)
2022-10-22 18:37:10,804:INFO:Physical Core: 8
2022-10-22 18:37:10,804:INFO:Logical Core: 16
2022-10-22 18:37:10,804:INFO:Checking libraries
2022-10-22 18:37:10,804:INFO:pd==1.4.2
2022-10-22 18:37:10,804:INFO:numpy==1.21.5
2022-10-22 18:37:10,804:INFO:sklearn==1.1.2
2022-10-22 18:37:10,804:INFO:xgboost==1.6.2
2022-10-22 18:37:10,804:INFO:lightgbm==3.3.3
2022-10-22 18:37:10,804:INFO:catboost==1.1
2022-10-22 18:37:10,804:INFO:mlflow==1.30.0
2022-10-22 18:37:10,804:INFO:Checking Exceptions
2022-10-22 18:37:10,805:INFO:Declaring global variables
2022-10-22 18:37:10,805:INFO:USI: 2cb8
2022-10-22 18:37:10,805:INFO:pycaret_globals: {'data_before_preprocess', 'target_param', '_internal_pipeline', 'html_param', 'seed', '_ml_usecase', 'pycaret_globals', 'imputation_classifier', 'experiment__', 'gpu_param', 'fold_param', 'transform_target_method_param', 'imputation_regressor', 'fold_groups_param', 'prep_pipe', 'fix_imbalance_param', 'master_model_container', 'iterative_imputation_iters_param', 'create_model_container', 'fold_shuffle_param', 'display_container', 'stratify_param', '_all_models', 'log_plots_param', '_all_metrics', 'fold_generator', '_available_plots', 'fix_imbalance_method_param', 'X', 'exp_name_log', 'USI', '_gpu_n_jobs_param', 'logging_param', 'transform_target_param', '_all_models_internal', 'n_jobs_param'}
2022-10-22 18:37:10,805:INFO:Preparing display monitor
2022-10-22 18:37:10,805:INFO:Importing libraries
2022-10-22 18:37:10,805:INFO:Copying data for preprocessing
2022-10-22 18:37:10,805:INFO:Declaring preprocessing parameters
2022-10-22 18:37:10,807:INFO:Creating preprocessing pipeline
2022-10-22 18:37:10,832:INFO:Preprocessing pipeline created successfully
2022-10-22 18:37:10,832:ERROR:(Process Exit): setup has been interupted with user command 'quit'. setup must rerun.
2022-10-22 18:37:10,832:INFO:Creating global containers
2022-10-22 18:38:55,250:INFO:PyCaret Supervised Module
2022-10-22 18:38:55,250:INFO:ML Usecase: anomaly
2022-10-22 18:38:55,250:INFO:version 2.2.2
2022-10-22 18:38:55,250:INFO:Initializing setup()
2022-10-22 18:38:55,250:INFO:setup(target=None, ml_usecase=anomaly, available_plots={'tsne': 'Anomaly TSnE (3d)', 'umap': 'UMAP Dimensionality'}, train_size=0.7, test_data=None, preprocess=True, imputation_type=simple, iterative_imputation_iters=5, categorical_features=None, categorical_imputation=mode, categorical_iterative_imputer=lightgbm, ordinal_features=None, high_cardinality_features=None, high_cardinality_method=frequency, numeric_features=None, numeric_imputation=mean, numeric_iterative_imputer=lightgbm, date_features=None, ignore_features=None, normalize=False, normalize_method=zscore, transformation=False, transformation_method=yeo-johnson, handle_unknown_categorical=True, unknown_categorical_method=least_frequent, pca=False, pca_method=linear, pca_components=None, ignore_low_variance=False, combine_rare_levels=False, rare_level_threshold=0.1, bin_numeric_features=None, remove_outliers=False, outliers_threshold=0.05, remove_multicollinearity=False, multicollinearity_threshold=0.9, remove_perfect_collinearity=False, create_clusters=False, cluster_iter=20, polynomial_features=False, polynomial_degree=2, trigonometry_features=False, polynomial_threshold=0.1, group_features=None, group_names=None, feature_selection=False, feature_selection_threshold=0.8, feature_selection_method=classic, feature_interaction=False, feature_ratio=False, interaction_threshold=0.01, fix_imbalance=False, fix_imbalance_method=None, transform_target=False, transform_target_method=box-cox, data_split_shuffle=False, data_split_stratify=False, fold_strategy=kfold, fold=10, fold_shuffle=False, fold_groups=None, n_jobs=-1, use_gpu=False, custom_pipeline=None, html=True, session_id=None, log_experiment=False, experiment_name=None, log_plots=False, log_profile=False, log_data=False, silent=True, verbose=False, profile=False, profile_kwargs=None, display=None)
2022-10-22 18:38:55,250:INFO:Checking environment
2022-10-22 18:38:55,250:INFO:python_version: 3.9.12
2022-10-22 18:38:55,250:INFO:python_build: ('main', 'Apr  4 2022 05:22:27')
2022-10-22 18:38:55,250:INFO:machine: AMD64
2022-10-22 18:38:55,250:INFO:platform: Windows-10-10.0.19044-SP0
2022-10-22 18:38:55,250:INFO:Memory: svmem(total=16487870464, available=7970537472, percent=51.7, used=8517332992, free=7970537472)
2022-10-22 18:38:55,250:INFO:Physical Core: 8
2022-10-22 18:38:55,251:INFO:Logical Core: 16
2022-10-22 18:38:55,251:INFO:Checking libraries
2022-10-22 18:38:55,251:INFO:pd==1.4.2
2022-10-22 18:38:55,251:INFO:numpy==1.21.5
2022-10-22 18:38:55,251:INFO:sklearn==1.1.2
2022-10-22 18:38:55,251:INFO:xgboost==1.6.2
2022-10-22 18:38:55,251:INFO:lightgbm==3.3.3
2022-10-22 18:38:55,251:INFO:catboost==1.1
2022-10-22 18:38:55,251:INFO:mlflow==1.30.0
2022-10-22 18:38:55,251:INFO:Checking Exceptions
2022-10-22 18:38:55,251:INFO:Declaring global variables
2022-10-22 18:38:55,251:INFO:USI: 21f7
2022-10-22 18:38:55,251:INFO:pycaret_globals: {'data_before_preprocess', 'target_param', '_internal_pipeline', 'html_param', 'seed', '_ml_usecase', 'pycaret_globals', 'imputation_classifier', 'experiment__', 'gpu_param', 'fold_param', 'transform_target_method_param', 'imputation_regressor', 'fold_groups_param', 'prep_pipe', 'fix_imbalance_param', 'master_model_container', 'iterative_imputation_iters_param', 'create_model_container', 'fold_shuffle_param', 'display_container', 'stratify_param', '_all_models', 'log_plots_param', '_all_metrics', 'fold_generator', '_available_plots', 'fix_imbalance_method_param', 'X', 'exp_name_log', 'USI', '_gpu_n_jobs_param', 'logging_param', 'transform_target_param', '_all_models_internal', 'n_jobs_param'}
2022-10-22 18:38:55,251:INFO:Preparing display monitor
2022-10-22 18:38:55,251:INFO:Importing libraries
2022-10-22 18:38:55,251:INFO:Copying data for preprocessing
2022-10-22 18:38:55,252:INFO:Declaring preprocessing parameters
2022-10-22 18:38:55,253:INFO:Creating preprocessing pipeline
2022-10-22 18:38:55,277:INFO:Preprocessing pipeline created successfully
2022-10-22 18:38:55,277:ERROR:(Process Exit): setup has been interupted with user command 'quit'. setup must rerun.
2022-10-22 18:38:55,277:INFO:Creating global containers
2022-10-22 18:39:02,930:INFO:PyCaret Supervised Module
2022-10-22 18:39:02,930:INFO:ML Usecase: anomaly
2022-10-22 18:39:02,931:INFO:version 2.2.2
2022-10-22 18:39:02,931:INFO:Initializing setup()
2022-10-22 18:39:02,931:INFO:setup(target=None, ml_usecase=anomaly, available_plots={'tsne': 'Anomaly TSnE (3d)', 'umap': 'UMAP Dimensionality'}, train_size=0.7, test_data=None, preprocess=True, imputation_type=simple, iterative_imputation_iters=5, categorical_features=None, categorical_imputation=mode, categorical_iterative_imputer=lightgbm, ordinal_features=None, high_cardinality_features=None, high_cardinality_method=frequency, numeric_features=None, numeric_imputation=mean, numeric_iterative_imputer=lightgbm, date_features=None, ignore_features=None, normalize=False, normalize_method=zscore, transformation=False, transformation_method=yeo-johnson, handle_unknown_categorical=True, unknown_categorical_method=least_frequent, pca=False, pca_method=linear, pca_components=None, ignore_low_variance=False, combine_rare_levels=False, rare_level_threshold=0.1, bin_numeric_features=None, remove_outliers=False, outliers_threshold=0.05, remove_multicollinearity=False, multicollinearity_threshold=0.9, remove_perfect_collinearity=False, create_clusters=False, cluster_iter=20, polynomial_features=False, polynomial_degree=2, trigonometry_features=False, polynomial_threshold=0.1, group_features=None, group_names=None, feature_selection=False, feature_selection_threshold=0.8, feature_selection_method=classic, feature_interaction=False, feature_ratio=False, interaction_threshold=0.01, fix_imbalance=False, fix_imbalance_method=None, transform_target=False, transform_target_method=box-cox, data_split_shuffle=False, data_split_stratify=False, fold_strategy=kfold, fold=10, fold_shuffle=False, fold_groups=None, n_jobs=-1, use_gpu=False, custom_pipeline=None, html=True, session_id=None, log_experiment=False, experiment_name=None, log_plots=False, log_profile=False, log_data=False, silent=True, verbose=True, profile=False, profile_kwargs=None, display=None)
2022-10-22 18:39:02,931:INFO:Checking environment
2022-10-22 18:39:02,931:INFO:python_version: 3.9.12
2022-10-22 18:39:02,931:INFO:python_build: ('main', 'Apr  4 2022 05:22:27')
2022-10-22 18:39:02,931:INFO:machine: AMD64
2022-10-22 18:39:02,931:INFO:platform: Windows-10-10.0.19044-SP0
2022-10-22 18:39:02,931:INFO:Memory: svmem(total=16487870464, available=7987965952, percent=51.6, used=8499904512, free=7987965952)
2022-10-22 18:39:02,931:INFO:Physical Core: 8
2022-10-22 18:39:02,931:INFO:Logical Core: 16
2022-10-22 18:39:02,931:INFO:Checking libraries
2022-10-22 18:39:02,931:INFO:pd==1.4.2
2022-10-22 18:39:02,931:INFO:numpy==1.21.5
2022-10-22 18:39:02,931:INFO:sklearn==1.1.2
2022-10-22 18:39:02,931:INFO:xgboost==1.6.2
2022-10-22 18:39:02,931:INFO:lightgbm==3.3.3
2022-10-22 18:39:02,931:INFO:catboost==1.1
2022-10-22 18:39:02,931:INFO:mlflow==1.30.0
2022-10-22 18:39:02,931:INFO:Checking Exceptions
2022-10-22 18:39:02,932:INFO:Declaring global variables
2022-10-22 18:39:02,932:INFO:USI: a6cc
2022-10-22 18:39:02,932:INFO:pycaret_globals: {'data_before_preprocess', 'target_param', '_internal_pipeline', 'html_param', 'seed', '_ml_usecase', 'pycaret_globals', 'imputation_classifier', 'experiment__', 'gpu_param', 'fold_param', 'transform_target_method_param', 'imputation_regressor', 'fold_groups_param', 'prep_pipe', 'fix_imbalance_param', 'master_model_container', 'iterative_imputation_iters_param', 'create_model_container', 'fold_shuffle_param', 'display_container', 'stratify_param', '_all_models', 'log_plots_param', '_all_metrics', 'fold_generator', '_available_plots', 'fix_imbalance_method_param', 'X', 'exp_name_log', 'USI', '_gpu_n_jobs_param', 'logging_param', 'transform_target_param', '_all_models_internal', 'n_jobs_param'}
2022-10-22 18:39:02,932:INFO:Preparing display monitor
2022-10-22 18:39:02,932:INFO:Preparing display monitor
2022-10-22 18:39:02,939:INFO:Importing libraries
2022-10-22 18:39:02,940:INFO:Copying data for preprocessing
2022-10-22 18:39:02,945:INFO:Declaring preprocessing parameters
2022-10-22 18:39:02,946:INFO:Creating preprocessing pipeline
2022-10-22 18:39:02,971:INFO:Preprocessing pipeline created successfully
2022-10-22 18:39:02,971:ERROR:(Process Exit): setup has been interupted with user command 'quit'. setup must rerun.
2022-10-22 18:39:02,971:INFO:Creating global containers
2022-10-22 18:40:29,177:INFO:PyCaret Supervised Module
2022-10-22 18:40:29,177:INFO:ML Usecase: anomaly
2022-10-22 18:40:29,177:INFO:version 2.2.2
2022-10-22 18:40:29,177:INFO:Initializing setup()
2022-10-22 18:40:29,177:INFO:setup(target=None, ml_usecase=anomaly, available_plots={'tsne': 'Anomaly TSnE (3d)', 'umap': 'UMAP Dimensionality'}, train_size=0.7, test_data=None, preprocess=True, imputation_type=simple, iterative_imputation_iters=5, categorical_features=None, categorical_imputation=mode, categorical_iterative_imputer=lightgbm, ordinal_features=None, high_cardinality_features=None, high_cardinality_method=frequency, numeric_features=None, numeric_imputation=mean, numeric_iterative_imputer=lightgbm, date_features=None, ignore_features=None, normalize=False, normalize_method=zscore, transformation=False, transformation_method=yeo-johnson, handle_unknown_categorical=True, unknown_categorical_method=least_frequent, pca=False, pca_method=linear, pca_components=None, ignore_low_variance=False, combine_rare_levels=False, rare_level_threshold=0.1, bin_numeric_features=None, remove_outliers=False, outliers_threshold=0.05, remove_multicollinearity=False, multicollinearity_threshold=0.9, remove_perfect_collinearity=False, create_clusters=False, cluster_iter=20, polynomial_features=False, polynomial_degree=2, trigonometry_features=False, polynomial_threshold=0.1, group_features=None, group_names=None, feature_selection=False, feature_selection_threshold=0.8, feature_selection_method=classic, feature_interaction=False, feature_ratio=False, interaction_threshold=0.01, fix_imbalance=False, fix_imbalance_method=None, transform_target=False, transform_target_method=box-cox, data_split_shuffle=False, data_split_stratify=False, fold_strategy=kfold, fold=10, fold_shuffle=False, fold_groups=None, n_jobs=-1, use_gpu=False, custom_pipeline=None, html=True, session_id=None, log_experiment=False, experiment_name=None, log_plots=False, log_profile=False, log_data=False, silent=True, verbose=True, profile=False, profile_kwargs=None, display=None)
2022-10-22 18:40:29,177:INFO:Checking environment
2022-10-22 18:40:29,177:INFO:python_version: 3.9.12
2022-10-22 18:40:29,177:INFO:python_build: ('main', 'Apr  4 2022 05:22:27')
2022-10-22 18:40:29,177:INFO:machine: AMD64
2022-10-22 18:40:29,177:INFO:platform: Windows-10-10.0.19044-SP0
2022-10-22 18:40:29,177:INFO:Memory: svmem(total=16487870464, available=8043319296, percent=51.2, used=8444551168, free=8043319296)
2022-10-22 18:40:29,177:INFO:Physical Core: 8
2022-10-22 18:40:29,177:INFO:Logical Core: 16
2022-10-22 18:40:29,177:INFO:Checking libraries
2022-10-22 18:40:29,177:INFO:pd==1.4.2
2022-10-22 18:40:29,177:INFO:numpy==1.21.5
2022-10-22 18:40:29,177:INFO:sklearn==1.1.2
2022-10-22 18:40:29,195:INFO:xgboost==1.6.2
2022-10-22 18:40:29,195:INFO:lightgbm==3.3.3
2022-10-22 18:40:29,210:INFO:catboost==1.1
2022-10-22 18:40:29,771:INFO:mlflow==1.30.0
2022-10-22 18:40:29,771:INFO:Checking Exceptions
2022-10-22 18:40:29,771:INFO:Declaring global variables
2022-10-22 18:40:29,771:INFO:USI: 21fd
2022-10-22 18:40:29,771:INFO:pycaret_globals: {'n_jobs_param', 'display_container', 'create_model_container', 'gpu_param', 'seed', 'html_param', 'master_model_container', 'fix_imbalance_param', 'exp_name_log', 'fold_shuffle_param', 'log_plots_param', 'logging_param', 'transform_target_param', 'target_param', 'pycaret_globals', 'fold_generator', '_available_plots', '_gpu_n_jobs_param', 'imputation_classifier', 'experiment__', 'data_before_preprocess', 'fold_groups_param', 'prep_pipe', '_ml_usecase', 'stratify_param', 'X', '_all_metrics', 'fold_param', 'fix_imbalance_method_param', 'USI', '_all_models_internal', '_internal_pipeline', 'iterative_imputation_iters_param', 'transform_target_method_param', 'imputation_regressor', '_all_models'}
2022-10-22 18:40:29,771:INFO:Preparing display monitor
2022-10-22 18:40:29,771:INFO:Preparing display monitor
2022-10-22 18:40:29,779:INFO:Importing libraries
2022-10-22 18:40:29,779:INFO:Copying data for preprocessing
2022-10-22 18:40:29,784:INFO:Declaring preprocessing parameters
2022-10-22 18:40:29,786:INFO:Creating preprocessing pipeline
2022-10-22 18:40:29,812:INFO:Preprocessing pipeline created successfully
2022-10-22 18:40:29,813:ERROR:(Process Exit): setup has been interupted with user command 'quit'. setup must rerun.
2022-10-22 18:40:29,813:INFO:Creating global containers
2022-10-22 18:43:03,899:INFO:PyCaret Supervised Module
2022-10-22 18:43:03,899:INFO:ML Usecase: anomaly
2022-10-22 18:43:03,899:INFO:version 2.2.2
2022-10-22 18:43:03,899:INFO:Initializing setup()
2022-10-22 18:43:03,899:INFO:setup(target=None, ml_usecase=anomaly, available_plots={'tsne': 'Anomaly TSnE (3d)', 'umap': 'UMAP Dimensionality'}, train_size=0.7, test_data=None, preprocess=True, imputation_type=simple, iterative_imputation_iters=5, categorical_features=None, categorical_imputation=mode, categorical_iterative_imputer=lightgbm, ordinal_features=None, high_cardinality_features=None, high_cardinality_method=frequency, numeric_features=None, numeric_imputation=mean, numeric_iterative_imputer=lightgbm, date_features=None, ignore_features=None, normalize=False, normalize_method=zscore, transformation=False, transformation_method=yeo-johnson, handle_unknown_categorical=True, unknown_categorical_method=least_frequent, pca=False, pca_method=linear, pca_components=None, ignore_low_variance=False, combine_rare_levels=False, rare_level_threshold=0.1, bin_numeric_features=None, remove_outliers=False, outliers_threshold=0.05, remove_multicollinearity=False, multicollinearity_threshold=0.9, remove_perfect_collinearity=False, create_clusters=False, cluster_iter=20, polynomial_features=False, polynomial_degree=2, trigonometry_features=False, polynomial_threshold=0.1, group_features=None, group_names=None, feature_selection=False, feature_selection_threshold=0.8, feature_selection_method=classic, feature_interaction=False, feature_ratio=False, interaction_threshold=0.01, fix_imbalance=False, fix_imbalance_method=None, transform_target=False, transform_target_method=box-cox, data_split_shuffle=False, data_split_stratify=False, fold_strategy=kfold, fold=10, fold_shuffle=False, fold_groups=None, n_jobs=-1, use_gpu=False, custom_pipeline=None, html=True, session_id=None, log_experiment=False, experiment_name=None, log_plots=False, log_profile=False, log_data=False, silent=True, verbose=True, profile=False, profile_kwargs=None, display=None)
2022-10-22 18:43:03,899:INFO:Checking environment
2022-10-22 18:43:03,899:INFO:python_version: 3.9.12
2022-10-22 18:43:03,899:INFO:python_build: ('main', 'Apr  4 2022 05:22:27')
2022-10-22 18:43:03,899:INFO:machine: AMD64
2022-10-22 18:43:03,899:INFO:platform: Windows-10-10.0.19044-SP0
2022-10-22 18:43:03,900:INFO:Memory: svmem(total=16487870464, available=7902646272, percent=52.1, used=8585224192, free=7902646272)
2022-10-22 18:43:03,900:INFO:Physical Core: 8
2022-10-22 18:43:03,900:INFO:Logical Core: 16
2022-10-22 18:43:03,900:INFO:Checking libraries
2022-10-22 18:43:03,900:INFO:pd==1.4.2
2022-10-22 18:43:03,900:INFO:numpy==1.21.5
2022-10-22 18:43:03,900:INFO:sklearn==1.1.2
2022-10-22 18:43:03,900:INFO:xgboost==1.6.2
2022-10-22 18:43:03,900:INFO:lightgbm==3.3.3
2022-10-22 18:43:03,900:INFO:catboost==1.1
2022-10-22 18:43:03,900:INFO:mlflow==1.30.0
2022-10-22 18:43:03,900:INFO:Checking Exceptions
2022-10-22 18:43:03,900:INFO:Declaring global variables
2022-10-22 18:43:03,900:INFO:USI: 21c8
2022-10-22 18:43:03,900:INFO:pycaret_globals: {'n_jobs_param', 'display_container', 'create_model_container', 'gpu_param', 'seed', 'html_param', 'master_model_container', 'fix_imbalance_param', 'exp_name_log', 'fold_shuffle_param', 'log_plots_param', 'logging_param', 'transform_target_param', 'target_param', 'pycaret_globals', 'fold_generator', '_available_plots', '_gpu_n_jobs_param', 'imputation_classifier', 'experiment__', 'data_before_preprocess', 'fold_groups_param', 'prep_pipe', '_ml_usecase', 'stratify_param', 'X', '_all_metrics', 'fold_param', 'fix_imbalance_method_param', 'USI', '_all_models_internal', '_internal_pipeline', 'iterative_imputation_iters_param', 'transform_target_method_param', 'imputation_regressor', '_all_models'}
2022-10-22 18:43:03,900:INFO:Preparing display monitor
2022-10-22 18:43:03,900:INFO:Preparing display monitor
2022-10-22 18:43:03,908:INFO:Importing libraries
2022-10-22 18:43:03,908:INFO:Copying data for preprocessing
2022-10-22 18:43:03,913:INFO:Declaring preprocessing parameters
2022-10-22 18:43:03,915:INFO:Creating preprocessing pipeline
2022-10-22 18:43:03,940:INFO:Preprocessing pipeline created successfully
2022-10-22 18:43:03,940:ERROR:(Process Exit): setup has been interupted with user command 'quit'. setup must rerun.
2022-10-22 18:43:03,940:INFO:Creating global containers
2022-10-22 18:45:28,376:INFO:PyCaret Supervised Module
2022-10-22 18:45:28,376:INFO:ML Usecase: anomaly
2022-10-22 18:45:28,376:INFO:version 2.2.2
2022-10-22 18:45:28,376:INFO:Initializing setup()
2022-10-22 18:45:28,376:INFO:setup(target=None, ml_usecase=anomaly, available_plots={'tsne': 'Anomaly TSnE (3d)', 'umap': 'UMAP Dimensionality'}, train_size=0.7, test_data=None, preprocess=True, imputation_type=simple, iterative_imputation_iters=5, categorical_features=None, categorical_imputation=mode, categorical_iterative_imputer=lightgbm, ordinal_features=None, high_cardinality_features=None, high_cardinality_method=frequency, numeric_features=None, numeric_imputation=mean, numeric_iterative_imputer=lightgbm, date_features=None, ignore_features=None, normalize=False, normalize_method=zscore, transformation=False, transformation_method=yeo-johnson, handle_unknown_categorical=True, unknown_categorical_method=least_frequent, pca=False, pca_method=linear, pca_components=None, ignore_low_variance=False, combine_rare_levels=False, rare_level_threshold=0.1, bin_numeric_features=None, remove_outliers=False, outliers_threshold=0.05, remove_multicollinearity=False, multicollinearity_threshold=0.9, remove_perfect_collinearity=False, create_clusters=False, cluster_iter=20, polynomial_features=False, polynomial_degree=2, trigonometry_features=False, polynomial_threshold=0.1, group_features=None, group_names=None, feature_selection=False, feature_selection_threshold=0.8, feature_selection_method=classic, feature_interaction=False, feature_ratio=False, interaction_threshold=0.01, fix_imbalance=False, fix_imbalance_method=None, transform_target=False, transform_target_method=box-cox, data_split_shuffle=False, data_split_stratify=False, fold_strategy=kfold, fold=10, fold_shuffle=False, fold_groups=None, n_jobs=-1, use_gpu=False, custom_pipeline=None, html=True, session_id=None, log_experiment=False, experiment_name=None, log_plots=False, log_profile=False, log_data=False, silent=True, verbose=True, profile=False, profile_kwargs=None, display=None)
2022-10-22 18:45:28,376:INFO:Checking environment
2022-10-22 18:45:28,376:INFO:python_version: 3.9.12
2022-10-22 18:45:28,376:INFO:python_build: ('main', 'Apr  4 2022 05:22:27')
2022-10-22 18:45:28,376:INFO:machine: AMD64
2022-10-22 18:45:28,376:INFO:platform: Windows-10-10.0.19044-SP0
2022-10-22 18:45:28,377:INFO:Memory: svmem(total=16487870464, available=7972909056, percent=51.6, used=8514961408, free=7972909056)
2022-10-22 18:45:28,377:INFO:Physical Core: 8
2022-10-22 18:45:28,377:INFO:Logical Core: 16
2022-10-22 18:45:28,377:INFO:Checking libraries
2022-10-22 18:45:28,377:INFO:pd==1.4.2
2022-10-22 18:45:28,377:INFO:numpy==1.21.5
2022-10-22 18:45:28,377:INFO:sklearn==1.1.2
2022-10-22 18:45:28,377:INFO:xgboost==1.6.2
2022-10-22 18:45:28,377:INFO:lightgbm==3.3.3
2022-10-22 18:45:28,377:INFO:catboost==1.1
2022-10-22 18:45:28,377:INFO:mlflow==1.30.0
2022-10-22 18:45:28,377:INFO:Checking Exceptions
2022-10-22 18:45:28,377:INFO:Declaring global variables
2022-10-22 18:45:28,377:INFO:USI: 0dd8
2022-10-22 18:45:28,377:INFO:pycaret_globals: {'n_jobs_param', 'display_container', 'create_model_container', 'gpu_param', 'seed', 'html_param', 'master_model_container', 'fix_imbalance_param', 'exp_name_log', 'fold_shuffle_param', 'log_plots_param', 'logging_param', 'transform_target_param', 'target_param', 'pycaret_globals', 'fold_generator', '_available_plots', '_gpu_n_jobs_param', 'imputation_classifier', 'experiment__', 'data_before_preprocess', 'fold_groups_param', 'prep_pipe', '_ml_usecase', 'stratify_param', 'X', '_all_metrics', 'fold_param', 'fix_imbalance_method_param', 'USI', '_all_models_internal', '_internal_pipeline', 'iterative_imputation_iters_param', 'transform_target_method_param', 'imputation_regressor', '_all_models'}
2022-10-22 18:45:28,377:INFO:Preparing display monitor
2022-10-22 18:45:28,377:INFO:Preparing display monitor
2022-10-22 18:45:28,385:INFO:Importing libraries
2022-10-22 18:45:28,385:INFO:Copying data for preprocessing
2022-10-22 18:45:28,390:INFO:Declaring preprocessing parameters
2022-10-22 18:45:28,391:INFO:Creating preprocessing pipeline
2022-10-22 18:45:28,416:INFO:Preprocessing pipeline created successfully
2022-10-22 18:45:28,416:ERROR:(Process Exit): setup has been interupted with user command 'quit'. setup must rerun.
2022-10-22 18:45:28,416:INFO:Creating global containers
2022-10-22 18:47:23,189:INFO:PyCaret Supervised Module
2022-10-22 18:47:23,190:INFO:ML Usecase: anomaly
2022-10-22 18:47:23,190:INFO:version 2.2.2
2022-10-22 18:47:23,190:INFO:Initializing setup()
2022-10-22 18:47:23,190:INFO:setup(target=None, ml_usecase=anomaly, available_plots={'tsne': 'Anomaly TSnE (3d)', 'umap': 'UMAP Dimensionality'}, train_size=0.7, test_data=None, preprocess=True, imputation_type=simple, iterative_imputation_iters=5, categorical_features=None, categorical_imputation=mode, categorical_iterative_imputer=lightgbm, ordinal_features=None, high_cardinality_features=None, high_cardinality_method=frequency, numeric_features=None, numeric_imputation=mean, numeric_iterative_imputer=lightgbm, date_features=None, ignore_features=None, normalize=False, normalize_method=zscore, transformation=False, transformation_method=yeo-johnson, handle_unknown_categorical=True, unknown_categorical_method=least_frequent, pca=False, pca_method=linear, pca_components=None, ignore_low_variance=False, combine_rare_levels=False, rare_level_threshold=0.1, bin_numeric_features=None, remove_outliers=False, outliers_threshold=0.05, remove_multicollinearity=False, multicollinearity_threshold=0.9, remove_perfect_collinearity=False, create_clusters=False, cluster_iter=20, polynomial_features=False, polynomial_degree=2, trigonometry_features=False, polynomial_threshold=0.1, group_features=None, group_names=None, feature_selection=False, feature_selection_threshold=0.8, feature_selection_method=classic, feature_interaction=False, feature_ratio=False, interaction_threshold=0.01, fix_imbalance=False, fix_imbalance_method=None, transform_target=False, transform_target_method=box-cox, data_split_shuffle=False, data_split_stratify=False, fold_strategy=kfold, fold=10, fold_shuffle=False, fold_groups=None, n_jobs=-1, use_gpu=False, custom_pipeline=None, html=True, session_id=None, log_experiment=False, experiment_name=None, log_plots=False, log_profile=False, log_data=False, silent=True, verbose=True, profile=False, profile_kwargs=None, display=None)
2022-10-22 18:47:23,190:INFO:Checking environment
2022-10-22 18:47:23,190:INFO:python_version: 3.9.12
2022-10-22 18:47:23,190:INFO:python_build: ('main', 'Apr  4 2022 05:22:27')
2022-10-22 18:47:23,190:INFO:machine: AMD64
2022-10-22 18:47:23,190:INFO:platform: Windows-10-10.0.19044-SP0
2022-10-22 18:47:23,190:INFO:Memory: svmem(total=16487870464, available=8033398784, percent=51.3, used=8454471680, free=8033398784)
2022-10-22 18:47:23,190:INFO:Physical Core: 8
2022-10-22 18:47:23,190:INFO:Logical Core: 16
2022-10-22 18:47:23,190:INFO:Checking libraries
2022-10-22 18:47:23,190:INFO:pd==1.4.2
2022-10-22 18:47:23,190:INFO:numpy==1.21.5
2022-10-22 18:47:23,190:INFO:sklearn==1.1.2
2022-10-22 18:47:23,209:INFO:xgboost==1.6.2
2022-10-22 18:47:23,209:INFO:lightgbm==3.3.3
2022-10-22 18:47:23,224:INFO:catboost==1.1
2022-10-22 18:47:23,872:INFO:mlflow==1.30.0
2022-10-22 18:47:23,873:INFO:Checking Exceptions
2022-10-22 18:47:23,873:INFO:Declaring global variables
2022-10-22 18:47:23,873:INFO:USI: d088
2022-10-22 18:47:23,873:INFO:pycaret_globals: {'fold_generator', 'n_jobs_param', 'gpu_param', 'fix_imbalance_method_param', 'master_model_container', 'target_param', '_all_metrics', '_internal_pipeline', '_available_plots', 'imputation_regressor', 'experiment__', 'display_container', '_gpu_n_jobs_param', 'fold_param', 'logging_param', 'X', 'seed', 'imputation_classifier', '_ml_usecase', 'fold_groups_param', '_all_models_internal', 'prep_pipe', 'USI', 'create_model_container', 'pycaret_globals', 'data_before_preprocess', 'transform_target_param', 'stratify_param', 'html_param', 'exp_name_log', '_all_models', 'fold_shuffle_param', 'fix_imbalance_param', 'iterative_imputation_iters_param', 'log_plots_param', 'transform_target_method_param'}
2022-10-22 18:47:23,873:INFO:Preparing display monitor
2022-10-22 18:47:23,873:INFO:Preparing display monitor
2022-10-22 18:47:23,881:INFO:Importing libraries
2022-10-22 18:47:23,881:INFO:Copying data for preprocessing
2022-10-22 18:47:23,886:INFO:Declaring preprocessing parameters
2022-10-22 18:47:23,888:INFO:Creating preprocessing pipeline
2022-10-22 18:47:23,914:INFO:Preprocessing pipeline created successfully
2022-10-22 18:47:23,914:ERROR:(Process Exit): setup has been interupted with user command 'quit'. setup must rerun.
2022-10-22 18:47:23,915:INFO:Creating global containers
